0 info it worked if it ends with ok
1 verbose cli [ 'node', '/usr/local/bin/npm', 'install', '-g', 'ionic' ]
2 info using npm@2.7.0
3 info using node@v0.10.36
4 verbose node symlink /usr/local/bin/node
5 silly cache add args [ 'ionic', null ]
6 verbose cache add spec ionic
7 silly cache add parsed spec { raw: 'ionic',
7 silly cache add   scope: null,
7 silly cache add   name: 'ionic',
7 silly cache add   rawSpec: '',
7 silly cache add   spec: '*',
7 silly cache add   type: 'range' }
8 verbose addNamed ionic@*
9 silly addNamed semver.valid null
10 silly addNamed semver.validRange *
11 silly addNameRange { name: 'ionic', range: '*', hasData: false }
12 silly mapToRegistry name ionic
13 silly mapToRegistry using default registry
14 silly mapToRegistry registry https://registry.npmjs.org/
15 silly mapToRegistry uri https://registry.npmjs.org/ionic
16 verbose addNameRange registry:https://registry.npmjs.org/ionic not in flight; fetching
17 verbose get https://registry.npmjs.org/ionic not expired, no request
18 silly addNameRange number 2 { name: 'ionic', range: '*', hasData: true }
19 silly addNameRange versions [ 'ionic',
19 silly addNameRange   [ '0.9.6',
19 silly addNameRange     '0.9.8',
19 silly addNameRange     '0.9.9',
19 silly addNameRange     '0.9.10',
19 silly addNameRange     '0.9.11',
19 silly addNameRange     '0.9.12',
19 silly addNameRange     '0.9.13',
19 silly addNameRange     '0.9.14',
19 silly addNameRange     '0.9.15',
19 silly addNameRange     '0.9.16',
19 silly addNameRange     '1.0.0-beta.1',
19 silly addNameRange     '1.0.0-beta',
19 silly addNameRange     '1.0.1-beta',
19 silly addNameRange     '1.0.3-beta',
19 silly addNameRange     '1.0.4',
19 silly addNameRange     '1.0.5',
19 silly addNameRange     '1.0.6',
19 silly addNameRange     '1.0.7',
19 silly addNameRange     '1.0.8',
19 silly addNameRange     '1.0.9',
19 silly addNameRange     '1.0.10',
19 silly addNameRange     '1.0.11',
19 silly addNameRange     '1.0.12',
19 silly addNameRange     '1.0.13',
19 silly addNameRange     '1.0.14',
19 silly addNameRange     '1.0.15',
19 silly addNameRange     '1.0.16',
19 silly addNameRange     '1.0.17',
19 silly addNameRange     '1.1.0-beta1',
19 silly addNameRange     '1.1.0-beta2',
19 silly addNameRange     '1.1.0-beta3',
19 silly addNameRange     '1.1.0-beta4',
19 silly addNameRange     '1.1.0-beta5',
19 silly addNameRange     '1.1.0-beta6',
19 silly addNameRange     '1.1.0',
19 silly addNameRange     '1.1.1-beta1',
19 silly addNameRange     '1.1.1-beta2',
19 silly addNameRange     '1.1.1-beta3',
19 silly addNameRange     '1.1.1',
19 silly addNameRange     '1.1.3',
19 silly addNameRange     '1.1.4',
19 silly addNameRange     '1.1.5-beta1',
19 silly addNameRange     '1.1.5-beta2',
19 silly addNameRange     '1.1.5-beta3',
19 silly addNameRange     '1.1.5-beta4',
19 silly addNameRange     '1.1.5-beta5',
19 silly addNameRange     '1.1.5',
19 silly addNameRange     '1.1.6',
19 silly addNameRange     '1.1.7-beta1',
19 silly addNameRange     '1.1.7',
19 silly addNameRange     '1.1.8-beta1',
19 silly addNameRange     '1.1.8-beta2',
19 silly addNameRange     '1.1.8-beta3',
19 silly addNameRange     '1.1.8-beta4',
19 silly addNameRange     '1.1.8-beta5',
19 silly addNameRange     '1.1.8',
19 silly addNameRange     '1.1.9-beta1',
19 silly addNameRange     '1.1.9',
19 silly addNameRange     '1.1.10',
19 silly addNameRange     '1.1.11-beta1',
19 silly addNameRange     '1.1.11-beta2',
19 silly addNameRange     '1.1.11',
19 silly addNameRange     '1.1.12-beta1',
19 silly addNameRange     '1.1.12-beta2',
19 silly addNameRange     '1.1.12-beta3',
19 silly addNameRange     '1.1.12',
19 silly addNameRange     '1.1.13',
19 silly addNameRange     '1.1.14-beta1',
19 silly addNameRange     '1.1.14-beta2',
19 silly addNameRange     '1.1.14-beta3',
19 silly addNameRange     '1.2.0-beta1',
19 silly addNameRange     '1.2.0',
19 silly addNameRange     '1.2.1-beta1',
19 silly addNameRange     '1.2.1-beta2',
19 silly addNameRange     '1.2.1-beta3',
19 silly addNameRange     '1.2.1-beta4',
19 silly addNameRange     '1.2.1',
19 silly addNameRange     '1.2.2',
19 silly addNameRange     '1.2.3-beta1',
19 silly addNameRange     '1.2.3-beta2',
19 silly addNameRange     '1.2.3-beta3',
19 silly addNameRange     '1.2.3',
19 silly addNameRange     '1.2.4-beta1',
19 silly addNameRange     '1.2.4-beta2',
19 silly addNameRange     '1.2.4-beta3',
19 silly addNameRange     '1.2.4',
19 silly addNameRange     '1.2.5-beta1',
19 silly addNameRange     '1.2.5-beta2',
19 silly addNameRange     '1.2.5-beta3',
19 silly addNameRange     '1.2.5',
19 silly addNameRange     '1.2.6-beta1',
19 silly addNameRange     '1.2.6-beta2',
19 silly addNameRange     '1.2.6-beta3',
19 silly addNameRange     '1.2.6',
19 silly addNameRange     '1.2.7',
19 silly addNameRange     '1.2.8-beta1',
19 silly addNameRange     '1.2.8-beta2',
19 silly addNameRange     '1.2.8',
19 silly addNameRange     '1.2.9',
19 silly addNameRange     '1.2.10',
19 silly addNameRange     '1.2.11',
19 silly addNameRange     '1.2.12',
19 silly addNameRange     '1.2.13',
19 silly addNameRange     '1.2.14-beta1',
19 silly addNameRange     '1.2.14-beta2',
19 silly addNameRange     '1.2.14-beta3',
19 silly addNameRange     '1.2.14-beta4',
19 silly addNameRange     '1.2.14-beta5',
19 silly addNameRange     '1.2.14-beta6',
19 silly addNameRange     '1.2.14',
19 silly addNameRange     '1.3.0-beta1',
19 silly addNameRange     '1.3.0',
19 silly addNameRange     '1.3.1',
19 silly addNameRange     '1.3.2',
19 silly addNameRange     '1.3.3',
19 silly addNameRange     '1.3.4',
19 silly addNameRange     '1.3.5',
19 silly addNameRange     '1.3.6',
19 silly addNameRange     '1.3.7',
19 silly addNameRange     '1.3.8',
19 silly addNameRange     '1.3.9',
19 silly addNameRange     '1.3.10',
19 silly addNameRange     '1.4.0-alpha.1',
19 silly addNameRange     '1.3.11',
19 silly addNameRange     '1.3.1-1.alpha.0',
19 silly addNameRange     '1.4.0-alpha.2',
19 silly addNameRange     '1.3.12',
19 silly addNameRange     '1.3.12-beta.1',
19 silly addNameRange     '1.3.12-beta.2',
19 silly addNameRange     '1.3.13-beta.0',
19 silly addNameRange     '1.3.1-3.beta.1',
19 silly addNameRange     '1.3.1-3.beta.2',
19 silly addNameRange     '1.3.13',
19 silly addNameRange     '1.3.1-3.beta.4',
19 silly addNameRange     '1.3.14-beta',
19 silly addNameRange     '1.3.14-beta.1',
19 silly addNameRange     '1.4.0-alpha.3',
19 silly addNameRange     '1.3.14',
19 silly addNameRange     '1.4.0-alpha.4',
19 silly addNameRange     '1.4.0-alpha.5',
19 silly addNameRange     '1.3.15-beta.0',
19 silly addNameRange     '1.3.15-beta.1',
19 silly addNameRange     '1.3.15-beta.2',
19 silly addNameRange     '1.3.15-beta.3',
19 silly addNameRange     '1.3.15-beta.4',
19 silly addNameRange     '1.3.15',
19 silly addNameRange     '1.3.16',
19 silly addNameRange     '1.4.0-alpha.6',
19 silly addNameRange     '1.3.17-beta.0',
19 silly addNameRange     '1.3.17-beta.1',
19 silly addNameRange     '1.3.17-beta.2',
19 silly addNameRange     '1.3.17-beta.3',
19 silly addNameRange     '1.3.1-7.beta.4',
19 silly addNameRange     '1.3.17',
19 silly addNameRange     '1.3.18-beta.0',
19 silly addNameRange     '1.3.18-beta.1',
19 silly addNameRange     '1.3.18-beta.2',
19 silly addNameRange     '1.3.18-beta.3',
19 silly addNameRange     '1.3.18',
19 silly addNameRange     '1.3.19-beta.0',
19 silly addNameRange     '1.3.19-beta.1',
19 silly addNameRange     '1.3.19-beta.2',
19 silly addNameRange     '1.3.19-beta.3',
19 silly addNameRange     '1.3.19-beta.4',
19 silly addNameRange     '1.3.19' ] ]
20 verbose addNamed ionic@1.3.19
21 silly addNamed semver.valid 1.3.19
22 silly addNamed semver.validRange 1.3.19
23 silly cache afterAdd ionic@1.3.19
24 verbose afterAdd /Users/carloscuamatzin/.npm/ionic/1.3.19/package/package.json not in flight; writing
25 verbose afterAdd /Users/carloscuamatzin/.npm/ionic/1.3.19/package/package.json written
26 silly install resolved [ { name: 'ionic',
26 silly install resolved     version: '1.3.19',
26 silly install resolved     preferGlobal: true,
26 silly install resolved     description: 'A tool for creating and developing Ionic Framework mobile apps.',
26 silly install resolved     homepage: 'http://ionicframework.com/',
26 silly install resolved     bin: { ionic: 'bin/ionic' },
26 silly install resolved     scripts:
26 silly install resolved      { bump: 'node lib/tasks/bumpversion',
26 silly install resolved        'beta-bump': 'node lib/tasks/bumpversion --level pre --identifier beta',
26 silly install resolved        'publish-release': 'node lib/tasks/bumpversion --npmPublish',
26 silly install resolved        'publish-tag': 'node lib/tasks/bumpversion --level beta --npmPublishTag',
26 silly install resolved        'full-release': 'node lib/tasks/bumpversion --npmInstall --git --npmPublish' },
26 silly install resolved     keywords:
26 silly install resolved      [ 'ionic',
26 silly install resolved        'ionic framework',
26 silly install resolved        'ionicframework',
26 silly install resolved        'mobile',
26 silly install resolved        'app',
26 silly install resolved        'hybrid',
26 silly install resolved        'cordova',
26 silly install resolved        'phonegap' ],
26 silly install resolved     repository:
26 silly install resolved      { type: 'git',
26 silly install resolved        url: 'https://github.com/driftyco/ionic-cli.git' },
26 silly install resolved     contributors: [ [Object], [Object], [Object], [Object] ],
26 silly install resolved     license: 'MIT',
26 silly install resolved     dependencies:
26 silly install resolved      { archiver: '0.5.1',
26 silly install resolved        async: '^0.9.0',
26 silly install resolved        'cli-table': '^0.3.1',
26 silly install resolved        colors: '0.6.2',
26 silly install resolved        connect: '3.1.1',
26 silly install resolved        'connect-livereload': '0.5.2',
26 silly install resolved        crc: '3.2.1',
26 silly install resolved        'cross-spawn': '0.2.3',
26 silly install resolved        'event-stream': '3.0.x',
26 silly install resolved        finalhandler: '0.2.0',
26 silly install resolved        'form-data': '0.1.4',
26 silly install resolved        gulp: '3.8.8',
26 silly install resolved        ncp: '0.4.2',
26 silly install resolved        npm: '2.1.3',
26 silly install resolved        'opbeat-ionic': '^1.1.3',
26 silly install resolved        open: 'https://registry.npmjs.org/open/-/open-0.0.5.tgz',
26 silly install resolved        optimist: '0.6.0',
26 silly install resolved        progress: '1.1.7',
26 silly install resolved        prompt: '0.2.12',
26 silly install resolved        'proxy-middleware': '^0.7.0',
26 silly install resolved        q: '1.0.1',
26 silly install resolved        request: '2.51.0',
26 silly install resolved        semver: '^4.2.0',
26 silly install resolved        'serve-static': '1.7.1',
26 silly install resolved        shelljs: '0.2.6',
26 silly install resolved        'tiny-lr-fork': '0.0.5',
26 silly install resolved        underscore: '~1.7.0',
26 silly install resolved        unzip: '0.1.9',
26 silly install resolved        'vinyl-fs': '0.3.7',
26 silly install resolved        xml2js: '0.4.4' },
26 silly install resolved     gitHead: 'd2884d957053c6b54caea06a7b20cdf3853cd009',
26 silly install resolved     bugs: { url: 'https://github.com/driftyco/ionic-cli/issues' },
26 silly install resolved     _id: 'ionic@1.3.19',
26 silly install resolved     _shasum: '92a1fb86530c8df2815f23d881a812322a673973',
26 silly install resolved     _from: 'ionic@*',
26 silly install resolved     _npmVersion: '2.5.1',
26 silly install resolved     _nodeVersion: '0.10.33',
26 silly install resolved     _npmUser: { name: 'drifty', email: 'max@drifty.com' },
26 silly install resolved     maintainers: [ [Object], [Object], [Object] ],
26 silly install resolved     dist:
26 silly install resolved      { shasum: '92a1fb86530c8df2815f23d881a812322a673973',
26 silly install resolved        tarball: 'http://registry.npmjs.org/ionic/-/ionic-1.3.19.tgz' },
26 silly install resolved     directories: {},
26 silly install resolved     _resolved: 'https://registry.npmjs.org/ionic/-/ionic-1.3.19.tgz',
26 silly install resolved     readme: 'ERROR: No README data found!' } ]
27 info install ionic@1.3.19 into /usr/local/lib
28 info installOne ionic@1.3.19
29 verbose installOne of ionic to /usr/local/lib not in flight; installing
30 verbose lock using /Users/carloscuamatzin/.npm/_locks/ionic-61c0cd50dc7a1457.lock for /usr/local/lib/node_modules/ionic
31 silly install write writing ionic 1.3.19 to /usr/local/lib/node_modules/ionic
32 silly cache addNamed cb ionic@1.3.19
33 verbose unbuild lib/node_modules/ionic
34 info preuninstall ionic@1.3.19
35 info uninstall ionic@1.3.19
36 verbose unbuild rmStuff ionic@1.3.19 from /usr/local/lib/node_modules
37 verbose gentlyRm verifying that /usr/local is managed by npm
38 silly isManaged /usr/local/lib/node_modules is inside /usr/local
39 silly gentlyRm /usr/local is managed by npm
40 silly gentlyRm /usr/local/bin/ionic is under /usr/local
41 verbose gentlyRm vacuuming /usr/local/bin/ionic up to /usr/local
42 info postuninstall ionic@1.3.19
43 verbose gentlyRm vacuuming /usr/local/lib/node_modules/ionic
44 silly gentlyRm purging /usr/local/lib/node_modules/ionic
45 verbose unlock done using /Users/carloscuamatzin/.npm/_locks/ionic-61c0cd50dc7a1457.lock for /usr/local/lib/node_modules/ionic
46 verbose stack Error: EACCES, unlink '/usr/local/lib/node_modules/ionic/.gitattributes'
47 verbose cwd /Users/carloscuamatzin/Documents/Ionic/BndzIonicParse
48 error Darwin 14.1.0
49 error argv "node" "/usr/local/bin/npm" "install" "-g" "ionic"
50 error node v0.10.36
51 error npm  v2.7.0
52 error path /usr/local/lib/node_modules/ionic/.gitattributes
53 error code EACCES
54 error errno 3
55 error Error: EACCES, unlink '/usr/local/lib/node_modules/ionic/.gitattributes'
55 error  { [Error: EACCES, unlink '/usr/local/lib/node_modules/ionic/.gitattributes']
55 error   errno: 3,
55 error   code: 'EACCES',
55 error   path: '/usr/local/lib/node_modules/ionic/.gitattributes' }
56 error Please try running this command again as root/Administrator.
57 verbose exit [ 3, true ]
58 verbose unbuild lib/node_modules/ionic
59 info preuninstall ionic@1.3.19
60 info uninstall ionic@1.3.19
61 verbose unbuild rmStuff ionic@1.3.19 from /usr/local/lib/node_modules
62 verbose gentlyRm verifying that /usr/local is managed by npm
63 silly isManaged /usr/local is not inside /usr/local/lib/node_modules
64 silly isManaged /usr/local is not inside /usr/local/lib/node_modules
65 silly isManaged /usr/local/bin is inside /usr/local
66 silly gentlyRm /usr/local is managed by npm
67 silly gentlyRm /usr/local/bin/ionic is under /usr/local
68 verbose gentlyRm vacuuming /usr/local/bin/ionic up to /usr/local
69 info postuninstall ionic@1.3.19
70 verbose gentlyRm vacuuming /usr/local/lib/node_modules/ionic
71 silly gentlyRm purging /usr/local/lib/node_modules/ionic
72 error error rolling back Error: EACCES, unlink '/usr/local/lib/node_modules/ionic/.jscs.json'
72 error error rolling back  { [Error: EACCES, unlink '/usr/local/lib/node_modules/ionic/.jscs.json']
72 error error rolling back   errno: 3,
72 error error rolling back   code: 'EACCES',
72 error error rolling back   path: '/usr/local/lib/node_modules/ionic/.jscs.json' }
